{"level":"error","msg":"func_S_GetCarts: Error in EOF","time":"12-09-2022 14:47:59"}
{"level":"error","msg":"func_AddCreditsForGuestRecovery:  EOF","time":"12-09-2022 14:47:59"}
{"level":"error","msg":"func_S_GetCarts: Error in EOF","time":"12-09-2022 14:49:44"}
{"level":"error","msg":"func_AddCreditsForGuestRecovery:  EOF","time":"12-09-2022 14:49:44"}
{"level":"error","msg":"func_S_GetCarts: Error in EOF","time":"12-09-2022 14:50:56"}
{"level":"error","msg":"func_AddCreditsForGuestRecovery:  EOF","time":"12-09-2022 14:50:56"}
{"level":"error","msg":"func_GetCheckout: Error in customer id parse-int, Error: strconv.ParseInt: parsing \"631aca83711befd7ac2372ee\": invalid syntax","time":"12-09-2022 15:21:27"}
{"level":"error","msg":"func_S_GetGrant: Error in mongo: no documents in result","time":"12-09-2022 15:22:05"}
{"level":"error","msg":"func_AddCreditsForGuestRecovery:  mongo: no documents in result","time":"12-09-2022 15:22:05"}
{"level":"error","msg":"func_CreatePassRefund: Error in binding. Error: code=400, message=Unmarshal type error: expected=string, got=number, field=city, offset=14, internal=json: cannot unmarshal number into Go struct field CityPayload.city of type string","time":"12-09-2022 15:45:15"}
{"level":"error","msg":"func_S_GetGrant: Error in mongo: no documents in result","time":"12-09-2022 16:01:28"}
{"level":"error","msg":"func_AddCreditsForGuestRecovery:  mongo: no documents in result","time":"12-09-2022 16:01:28"}
{"level":"error","msg":"func_S_GetGrant: Error in mongo: no documents in result","time":"12-09-2022 16:03:37"}
{"level":"error","msg":"func_AddCreditsForGuestRecovery:  mongo: no documents in result","time":"12-09-2022 16:03:37"}
{"level":"error","msg":"func_S_GetGrant: Error in mongo: no documents in result","time":"12-09-2022 16:04:05"}
{"level":"error","msg":"func_AddCreditsForGuestRecovery:  mongo: no documents in result","time":"12-09-2022 16:04:05"}
{"level":"error","msg":"func_S_GetGrant: Error in mongo: no documents in result","time":"12-09-2022 16:07:17"}
{"level":"error","msg":"func_AddCreditsForGuestRecovery:  mongo: no documents in result","time":"12-09-2022 16:07:17"}
{"level":"error","msg":"func_S_GetGrant: Error in mongo: no documents in result","time":"12-09-2022 16:09:40"}
{"level":"error","msg":"func_AddCreditsForGuestRecovery:  mongo: no documents in result","time":"12-09-2022 16:09:40"}
{"level":"error","msg":"func_S_GetGrant: Error in mongo: no documents in result","time":"12-09-2022 16:10:11"}
{"level":"error","msg":"func_AddCreditsForGuestRecovery:  mongo: no documents in result","time":"12-09-2022 16:10:11"}
{"level":"error","msg":"func_S_GetGrant: Error in mongo: no documents in result","time":"12-09-2022 16:11:13"}
{"level":"error","msg":"func_AddCreditsForGuestRecovery:  mongo: no documents in result","time":"12-09-2022 16:11:13"}
{"level":"error","msg":"func_CreatePassRefund: Error in binding. Error: code=400, message=Unmarshal type error: expected=string, got=number, field=city, offset=21, internal=json: cannot unmarshal number into Go struct field CityPayload.city of type string","time":"12-09-2022 16:14:15"}
{"level":"error","msg":"func_CreatePassRefund: Error in binding. Error: code=400, message=Unmarshal type error: expected=string, got=number, field=city, offset=21, internal=json: cannot unmarshal number into Go struct field CityPayload.city of type string","time":"12-09-2022 16:21:21"}
{"level":"error","msg":"func_CreatePassRefund: Error in binding. Error: code=415, message=Unsupported Media Type","time":"13-09-2022 10:30:43"}
{"level":"error","msg":"func_CreatePassRefund: Error in binding. Error: code=415, message=Unsupported Media Type","time":"13-09-2022 10:31:54"}
{"level":"error","msg":"func_CreatePassRefund: Error in binding. Error: code=415, message=Unsupported Media Type","time":"13-09-2022 10:32:49"}
{"level":"error","msg":"func_CreatePassRefund: Error in binding. Error: code=415, message=Unsupported Media Type","time":"13-09-2022 11:33:59"}
{"level":"error","msg":"func_CreatePassRefund: Error in binding. Error: code=415, message=Unsupported Media Type","time":"13-09-2022 11:49:09"}
{"level":"error","msg":"func_CreatePassRefund: Error in binding. Error: code=415, message=Unsupported Media Type","time":"13-09-2022 11:52:10"}
{"level":"error","msg":"func_CreatePassRefund: Error in binding. Error: code=415, message=Unsupported Media Type","time":"13-09-2022 11:52:24"}
{"level":"error","msg":"func_CreatePassRefund: Error in binding. Error: code=415, message=Unsupported Media Type","time":"13-09-2022 11:52:41"}
{"level":"error","msg":"func_CreatePassRefund: Error in binding. Error: code=415, message=Unsupported Media Type","time":"13-09-2022 11:53:13"}
{"level":"error","msg":"func_CreatePassRefund: Error in binding. Error: code=415, message=Unsupported Media Type","time":"13-09-2022 11:53:18"}
{"level":"error","msg":"func_CreatePassRefund: Error in binding. Error: code=415, message=Unsupported Media Type","time":"13-09-2022 11:54:09"}
{"level":"error","msg":"func_CreatePassRefund: Error in binding. Error: code=415, message=Unsupported Media Type","time":"13-09-2022 11:54:43"}
{"level":"error","msg":"func_CreatePassRefund: Error in binding. Error: code=415, message=Unsupported Media Type","time":"13-09-2022 12:08:41"}
{"level":"error","msg":"func_CreatePassRefund: Error in binding. Error: code=415, message=Unsupported Media Type","time":"13-09-2022 12:10:16"}
{"level":"error","msg":"func_CreatePassRefund: Error in binding. Error: code=415, message=Unsupported Media Type","time":"13-09-2022 12:13:57"}
{"level":"error","msg":"func_S_GetGrant: Error in mongo: no documents in result","time":"13-09-2022 17:18:12"}
{"level":"error","msg":"func_CreateCustomer: Error :Invalid mobile number","time":"13-09-2022 17:23:42"}
{"level":"error","msg":"func_CreateCustomer: Record found:\u003cnil\u003e","time":"13-09-2022 17:23:54"}
{"level":"error","msg":"func_S_GetGrant: Error in mongo: no documents in result","time":"14-09-2022 15:31:32"}
{"level":"error","msg":"func_S_GetGrant: Error in mongo: no documents in result","time":"14-09-2022 15:32:44"}
{"level":"error","msg":"func_S_GetGrant: Error in mongo: no documents in result","time":"14-09-2022 15:36:53"}
{"level":"error","msg":"func_S_GetGrant: Error in mongo: no documents in result","time":"14-09-2022 15:44:59"}
{"level":"error","msg":"func_S_GetGrant: Error in mongo: no documents in result","time":"14-09-2022 15:46:01"}
{"level":"error","msg":"func_S_GetGrant: Error in mongo: no documents in result","time":"14-09-2022 15:52:46"}
{"level":"error","msg":"func_S_GetGrant: Error in mongo: no documents in result","time":"14-09-2022 16:59:54"}
{"level":"error","msg":"func_VerifyEmail: Error in Decrypt. Error: cipher: message authentication failed","time":"14-09-2022 17:01:05"}
{"level":"error","msg":"VerifyEmail: Error in services VerifyEmail. Error: cipher: message authentication failed","time":"14-09-2022 17:01:05"}
{"level":"error","msg":"func_S_GetGrant: Error in mongo: no documents in result","time":"14-09-2022 17:03:36"}
{"level":"error","msg":"func_S_GetGrant: Error in mongo: no documents in result","time":"14-09-2022 17:05:35"}
{"level":"error","msg":"func_S_GetGrant: Error in mongo: no documents in result","time":"14-09-2022 17:06:11"}
{"level":"error","msg":"func_S_GetGrant: Error in mongo: no documents in result","time":"14-09-2022 17:06:34"}
{"level":"error","msg":"func_S_GetGrant: Error in mongo: no documents in result","time":"14-09-2022 17:07:53"}
{"level":"error","msg":"VerifyEmail: Error in services VerifyEmail. Error: Email already verified","time":"14-09-2022 17:12:11"}
